<?xml version="1.0" encoding="UTF-8"?>
<testng-results skipped="0" failed="0" ignored="0" total="1" passed="1">
  <reporter-output>
  </reporter-output>
  <suite name="Default suite" duration-ms="26201" started-at="2019-08-06T06:48:50Z" finished-at="2019-08-06T06:49:17Z">
    <groups>
    </groups>
    <test name="Default test" duration-ms="26201" started-at="2019-08-06T06:48:50Z" finished-at="2019-08-06T06:49:17Z">
      <class name="Mypack99.Test1">
        <test-method status="PASS" signature="f()[pri:0, instance:Mypack99.Test1@29ee9faa]" name="f" duration-ms="26132" started-at="2019-08-06T12:18:50Z" finished-at="2019-08-06T12:19:17Z">
          <reporter-output>
          </reporter-output>
        </test-method> <!-- f -->
      </class> <!-- Mypack99.Test1 -->
    </test> <!-- Default test -->
  </suite> <!-- Default suite -->
</testng-results>
